End of Semester Summary
Program Assgn Amount: 3
Test Amount: 2
Final Amount: 1
Program Weight: 40%
Test Weight: 30%
Final Weight: 30%
-------------------------------------------------------
Name:Denna B
Student ID:7
Program Assgn grades
1. 87
2. 86
3. 91
Average: 88
Test grades
1. 87
2. 87
Average: 87
Final Exam: 84
Final Grade: 86
-------------------------------------------------------
Name:Kero H
Student ID:34
Program Assgn grades
1. 93
2. 76
3. 78
Average: 82
Test grades
1. 91
2. 93
Average: 92
Final Exam: 79
Final Grade: 82
-------------------------------------------------------
Name:Mark M
Student ID:12
Program Assgn grades
1. 76
2. 98
3. 88
Average: 87
Test grades
1. 77
2. 82
Average: 79
Final Exam: 74
Final Grade: 79
