\BOOKMARK [1][-]{section.1}{\376\377\0001\000\040\000S\000p\000e\000c\000i\000f\000i\000c\000a\000t\000i\000o\000n}{}% 1
\BOOKMARK [1][-]{section.2}{\376\377\0002\000\040\000A\000n\000a\000l\000y\000s\000i\000s}{}% 2
\BOOKMARK [1][-]{section.3}{\376\377\0003\000\040\000D\000e\000s\000i\000g\000n}{}% 3
\BOOKMARK [1][-]{section.4}{\376\377\0004\000\040\000H\000T\000M\000L}{}% 4
\BOOKMARK [1][-]{section.5}{\376\377\0005\000\040\000I\000m\000a\000g\000e\000s\000/\000F\000e\000a\000t\000u\000r\000e\000s}{}% 5
\BOOKMARK [1][-]{section.6}{\376\377\0006\000\040\000I\000m\000a\000g\000e\000s\000/\000F\000e\000a\000t\000u\000r\000e\000s\0002}{}% 6
\BOOKMARK [1][-]{section.7}{\376\377\0007\000\040\000T\000e\000s\000t\000C\000a\000s\000e\000s\0001}{}% 7
\BOOKMARK [1][-]{section.8}{\376\377\0008\000\040\000T\000e\000s\000t\000C\000a\000s\000e\000s\0002}{}% 8
\BOOKMARK [1][-]{section.9}{\376\377\0009\000\040\000T\000e\000s\000t\000C\000a\000s\000e\000s\0003}{}% 9
\BOOKMARK [1][-]{section.10}{\376\377\0001\0000\000\040\000T\000e\000s\000t\000C\000a\000s\000e\000s\0004}{}% 10
\BOOKMARK [1][-]{section.11}{\376\377\0001\0001\000\040\000T\000e\000s\000t\000C\000a\000s\000e\000s\0005}{}% 11
\BOOKMARK [1][-]{section.12}{\376\377\0001\0002\000\040\000T\000e\000s\000t\000C\000a\000s\000e\0006}{}% 12
\BOOKMARK [1][-]{section.13}{\376\377\0001\0003\000\040\000T\000e\000s\000t\000C\000a\000s\000e\0007}{}% 13
\BOOKMARK [1][-]{section.14}{\376\377\0001\0004\000\040\000T\000e\000s\000t\000C\000a\000s\000e\0008}{}% 14
\BOOKMARK [1][-]{section.15}{\376\377\0001\0005\000\040\000T\000e\000s\000t\000C\000a\000s\000e\0009}{}% 15
\BOOKMARK [1][-]{section.16}{\376\377\0001\0006\000\040\000T\000e\000s\000t\000C\000a\000s\000e\0001\0000}{}% 16
\BOOKMARK [1][-]{section.17}{\376\377\0001\0007\000\040\000T\000e\000s\000t\000C\000a\000s\000e\0001\0001}{}% 17
\BOOKMARK [1][-]{section.18}{\376\377\0001\0008\000\040\000T\000e\000s\000t\000C\000a\000s\000e\0001\0002}{}% 18
\BOOKMARK [1][-]{section.19}{\376\377\0001\0009\000\040\000T\000e\000s\000t\000C\000a\000s\000e\0001\0003}{}% 19
\BOOKMARK [1][-]{section.20}{\376\377\0002\0000\000\040\000T\000e\000s\000t\000C\000a\000s\000e\0001\0004}{}% 20
\BOOKMARK [1][-]{section.21}{\376\377\0002\0001\000\040\000T\000e\000s\000t\000C\000a\000s\000e\0001\0005}{}% 21
\BOOKMARK [1][-]{section.22}{\376\377\0002\0002\000\040\000T\000e\000s\000t\000C\000a\000s\000e\0001\0006}{}% 22
\BOOKMARK [1][-]{section.23}{\376\377\0002\0003\000\040\000T\000e\000s\000t\000C\000a\000s\000e\0001\0007}{}% 23
\BOOKMARK [1][-]{section.24}{\376\377\0002\0004\000\040\000C\000l\000a\000s\000s\000\040\000I\000n\000d\000e\000x}{}% 24
\BOOKMARK [2][-]{subsection.24.1}{\376\377\0002\0004\000.\0001\000\040\000C\000l\000a\000s\000s\000\040\000L\000i\000s\000t}{section.24}% 25
\BOOKMARK [1][-]{section.25}{\376\377\0002\0005\000\040\000F\000i\000l\000e\000\040\000I\000n\000d\000e\000x}{}% 26
\BOOKMARK [2][-]{subsection.25.1}{\376\377\0002\0005\000.\0001\000\040\000F\000i\000l\000e\000\040\000L\000i\000s\000t}{section.25}% 27
\BOOKMARK [1][-]{section.26}{\376\377\0002\0006\000\040\000C\000l\000a\000s\000s\000\040\000D\000o\000c\000u\000m\000e\000n\000t\000a\000t\000i\000o\000n}{}% 28
\BOOKMARK [2][-]{subsection.26.1}{\376\377\0002\0006\000.\0001\000\040\000H\000E\000A\000P\000<\000\040\000S\000O\000M\000E\000T\000Y\000P\000E\000\040\000>\000\040\000C\000l\000a\000s\000s\000\040\000T\000e\000m\000p\000l\000a\000t\000e\000\040\000R\000e\000f\000e\000r\000e\000n\000c\000e}{section.26}% 29
\BOOKMARK [3][-]{subsubsection.26.1.1}{\376\377\0002\0006\000.\0001\000.\0001\000\040\000D\000e\000t\000a\000i\000l\000e\000d\000\040\000D\000e\000s\000c\000r\000i\000p\000t\000i\000o\000n}{subsection.26.1}% 30
\BOOKMARK [3][-]{subsubsection.26.1.2}{\376\377\0002\0006\000.\0001\000.\0002\000\040\000M\000e\000m\000b\000e\000r\000\040\000E\000n\000u\000m\000e\000r\000a\000t\000i\000o\000n\000\040\000D\000o\000c\000u\000m\000e\000n\000t\000a\000t\000i\000o\000n}{subsection.26.1}% 31
\BOOKMARK [3][-]{subsubsection.26.1.3}{\376\377\0002\0006\000.\0001\000.\0003\000\040\000C\000o\000n\000s\000t\000r\000u\000c\000t\000o\000r\000\040\000\046\000\040\000D\000e\000s\000t\000r\000u\000c\000t\000o\000r\000\040\000D\000o\000c\000u\000m\000e\000n\000t\000a\000t\000i\000o\000n}{subsection.26.1}% 32
\BOOKMARK [3][-]{subsubsection.26.1.4}{\376\377\0002\0006\000.\0001\000.\0004\000\040\000M\000e\000m\000b\000e\000r\000\040\000F\000u\000n\000c\000t\000i\000o\000n\000\040\000D\000o\000c\000u\000m\000e\000n\000t\000a\000t\000i\000o\000n}{subsection.26.1}% 33
\BOOKMARK [3][-]{subsubsection.26.1.5}{\376\377\0002\0006\000.\0001\000.\0005\000\040\000M\000e\000m\000b\000e\000r\000\040\000D\000a\000t\000a\000\040\000D\000o\000c\000u\000m\000e\000n\000t\000a\000t\000i\000o\000n}{subsection.26.1}% 34
\BOOKMARK [2][-]{subsection.26.2}{\376\377\0002\0006\000.\0002\000\040\000S\000t\000o\000c\000k\000\040\000C\000l\000a\000s\000s\000\040\000R\000e\000f\000e\000r\000e\000n\000c\000e}{section.26}% 35
\BOOKMARK [3][-]{subsubsection.26.2.1}{\376\377\0002\0006\000.\0002\000.\0001\000\040\000D\000e\000t\000a\000i\000l\000e\000d\000\040\000D\000e\000s\000c\000r\000i\000p\000t\000i\000o\000n}{subsection.26.2}% 36
\BOOKMARK [3][-]{subsubsection.26.2.2}{\376\377\0002\0006\000.\0002\000.\0002\000\040\000C\000o\000n\000s\000t\000r\000u\000c\000t\000o\000r\000\040\000\046\000\040\000D\000e\000s\000t\000r\000u\000c\000t\000o\000r\000\040\000D\000o\000c\000u\000m\000e\000n\000t\000a\000t\000i\000o\000n}{subsection.26.2}% 37
\BOOKMARK [3][-]{subsubsection.26.2.3}{\376\377\0002\0006\000.\0002\000.\0003\000\040\000M\000e\000m\000b\000e\000r\000\040\000D\000a\000t\000a\000\040\000D\000o\000c\000u\000m\000e\000n\000t\000a\000t\000i\000o\000n}{subsection.26.2}% 38
\BOOKMARK [1][-]{section.27}{\376\377\0002\0007\000\040\000F\000i\000l\000e\000\040\000D\000o\000c\000u\000m\000e\000n\000t\000a\000t\000i\000o\000n}{}% 39
\BOOKMARK [2][-]{subsection.27.1}{\376\377\0002\0007\000.\0001\000\040\000H\000E\000A\000P\000.\000H\000\040\000F\000i\000l\000e\000\040\000R\000e\000f\000e\000r\000e\000n\000c\000e}{section.27}% 40
\BOOKMARK [3][-]{subsubsection.27.1.1}{\376\377\0002\0007\000.\0001\000.\0001\000\040\000E\000n\000u\000m\000e\000r\000a\000t\000i\000o\000n\000\040\000T\000y\000p\000e\000\040\000D\000o\000c\000u\000m\000e\000n\000t\000a\000t\000i\000o\000n}{subsection.27.1}% 41
\BOOKMARK [3][-]{subsubsection.27.1.2}{\376\377\0002\0007\000.\0001\000.\0002\000\040\000F\000u\000n\000c\000t\000i\000o\000n\000\040\000D\000o\000c\000u\000m\000e\000n\000t\000a\000t\000i\000o\000n}{subsection.27.1}% 42
\BOOKMARK [2][-]{subsection.27.2}{\376\377\0002\0007\000.\0002\000\040\000l\000o\000a\000d\000F\000i\000l\000e\000.\000c\000p\000p\000\040\000F\000i\000l\000e\000\040\000R\000e\000f\000e\000r\000e\000n\000c\000e}{section.27}% 43
\BOOKMARK [3][-]{subsubsection.27.2.1}{\376\377\0002\0007\000.\0002\000.\0001\000\040\000F\000u\000n\000c\000t\000i\000o\000n\000\040\000D\000o\000c\000u\000m\000e\000n\000t\000a\000t\000i\000o\000n}{subsection.27.2}% 44
\BOOKMARK [2][-]{subsection.27.3}{\376\377\0002\0007\000.\0003\000\040\000p\000r\000o\000j\000e\000c\000t\000.\000c\000p\000p\000\040\000F\000i\000l\000e\000\040\000R\000e\000f\000e\000r\000e\000n\000c\000e}{section.27}% 45
\BOOKMARK [3][-]{subsubsection.27.3.1}{\376\377\0002\0007\000.\0003\000.\0001\000\040\000F\000u\000n\000c\000t\000i\000o\000n\000\040\000D\000o\000c\000u\000m\000e\000n\000t\000a\000t\000i\000o\000n}{subsection.27.3}% 46
\BOOKMARK [2][-]{subsection.27.4}{\376\377\0002\0007\000.\0004\000\040\000s\000a\000v\000e\000F\000i\000l\000e\000.\000c\000p\000p\000\040\000F\000i\000l\000e\000\040\000R\000e\000f\000e\000r\000e\000n\000c\000e}{section.27}% 47
\BOOKMARK [3][-]{subsubsection.27.4.1}{\376\377\0002\0007\000.\0004\000.\0001\000\040\000F\000u\000n\000c\000t\000i\000o\000n\000\040\000D\000o\000c\000u\000m\000e\000n\000t\000a\000t\000i\000o\000n}{subsection.27.4}% 48
\BOOKMARK [2][-]{subsection.27.5}{\376\377\0002\0007\000.\0005\000\040\000s\000t\000o\000c\000k\000.\000d\000o\000x\000\040\000F\000i\000l\000e\000\040\000R\000e\000f\000e\000r\000e\000n\000c\000e}{section.27}% 49
\BOOKMARK [2][-]{subsection.27.6}{\376\377\0002\0007\000.\0006\000\040\000S\000t\000o\000c\000k\000.\000h\000\040\000F\000i\000l\000e\000\040\000R\000e\000f\000e\000r\000e\000n\000c\000e}{section.27}% 50
\BOOKMARK [3][-]{subsubsection.27.6.1}{\376\377\0002\0007\000.\0006\000.\0001\000\040\000F\000u\000n\000c\000t\000i\000o\000n\000\040\000D\000o\000c\000u\000m\000e\000n\000t\000a\000t\000i\000o\000n}{subsection.27.6}% 51
\BOOKMARK [1][-]{section*.1}{\376\377\000I\000n\000d\000e\000x}{}% 52
